# JRE version: OpenJDK Runtime Environment Temurin-21.0.8+9 (21.0.8+9) (build 21.0.8+9-LTS)
# Java VM: OpenJDK 64-Bit Server VM Temurin-21.0.8+9 (21.0.8+9-LTS, mixed mode, emulated-client, sharing, tiered, compressed oops, compressed class ptrs, g1 gc, windows-amd64)
GC Precious Log:
 CardTable entry size: 512
 Card Set container configuration: InlinePtr #cards 4 size 8 Array Of Cards #cards 16 size 48 Howl #buckets 8 coarsen threshold 3686 Howl Bitmap #cards 512 size 80 coarsen threshold 460 Card regions per heap region 1 cards per card region 4096
 CPUs: 8 total, 8 available
 Memory: 16221M
 Large Page Support: Disabled
 NUMA Support: Disabled
 Compressed Oops: Enabled (Zero based)
 Heap Region Size: 2M
 Heap Min Capacity: 8M
 Heap Initial Capacity: 254M
 Heap Max Capacity: 4056M
 Pre-touch: Disabled
 Parallel Workers: 8
 Concurrent Workers: 2
 Concurrent Refinement Workers: 8
 Periodic GC: Disabled
Heap:
 garbage-first heap   total 83968K, used 47188K [0x0000000702800000, 0x0000000800000000)
  region size 2048K, 13 young (26624K), 2 survivors (4096K)
 Metaspace       used 60191K, committed 60864K, reserved 1114112K
  class space    used 8436K, committed 8768K, reserved 1048576K
GC Heap History (20 events):
Event: 2.968 GC heap before
{Heap before GC invocations=6 (full 0):
 garbage-first heap   total 53248K, used 38104K [0x0000000702800000, 0x0000000800000000)
  region size 2048K, 15 young (30720K), 2 survivors (4096K)
 Metaspace       used 23483K, committed 23936K, reserved 1114112K
  class space    used 3104K, committed 3328K, reserved 1048576K
}
Event: 2.971 GC heap after
{Heap after GC invocations=7 (full 0):
 garbage-first heap   total 157696K, used 15338K [0x0000000702800000, 0x0000000800000000)
  region size 2048K, 2 young (4096K), 2 survivors (4096K)
 Metaspace       used 23483K, committed 23936K, reserved 1114112K
  class space    used 3104K, committed 3328K, reserved 1048576K
}
Event: 3.875 GC heap before
{Heap before GC invocations=7 (full 0):
 garbage-first heap   total 157696K, used 89066K [0x0000000702800000, 0x0000000800000000)
  region size 2048K, 39 young (79872K), 2 survivors (4096K)
 Metaspace       used 28972K, committed 29440K, reserved 1114112K
  class space    used 3986K, committed 4224K, reserved 1048576K
}
Event: 3.882 GC heap after
{Heap after GC invocations=8 (full 0):
 garbage-first heap   total 157696K, used 18729K [0x0000000702800000, 0x0000000800000000)
  region size 2048K, 4 young (8192K), 4 survivors (8192K)
 Metaspace       used 28972K, committed 29440K, reserved 1114112K
  class space    used 3986K, committed 4224K, reserved 1048576K
}
Event: 4.297 GC heap before
{Heap before GC invocations=9 (full 0):
 garbage-first heap   total 69632K, used 51497K [0x0000000702800000, 0x0000000800000000)
  region size 2048K, 20 young (40960K), 4 survivors (8192K)
 Metaspace       used 31468K, committed 32000K, reserved 1114112K
  class space    used 4291K, committed 4544K, reserved 1048576K
}
Event: 4.303 GC heap after
{Heap after GC invocations=10 (full 0):
 garbage-first heap   total 69632K, used 20319K [0x0000000702800000, 0x0000000800000000)
  region size 2048K, 1 young (2048K), 1 survivors (2048K)
 Metaspace       used 31468K, committed 32000K, reserved 1114112K
  class space    used 4291K, committed 4544K, reserved 1048576K
}
Event: 4.650 GC heap before
{Heap before GC invocations=10 (full 0):
 garbage-first heap   total 69632K, used 59231K [0x0000000702800000, 0x0000000800000000)
  region size 2048K, 20 young (40960K), 1 survivors (2048K)
 Metaspace       used 35211K, committed 35840K, reserved 1114112K
  class space    used 4832K, committed 5120K, reserved 1048576K
}
Event: 4.654 GC heap after
{Heap after GC invocations=11 (full 0):
 garbage-first heap   total 69632K, used 20711K [0x0000000702800000, 0x0000000800000000)
  region size 2048K, 2 young (4096K), 2 survivors (4096K)
 Metaspace       used 35211K, committed 35840K, reserved 1114112K
  class space    used 4832K, committed 5120K, reserved 1048576K
}
Event: 4.968 GC heap before
{Heap before GC invocations=11 (full 0):
 garbage-first heap   total 69632K, used 57575K [0x0000000702800000, 0x0000000800000000)
  region size 2048K, 20 young (40960K), 2 survivors (4096K)
 Metaspace       used 38297K, committed 38848K, reserved 1114112K
  class space    used 5368K, committed 5632K, reserved 1048576K
}
Event: 4.971 GC heap after
{Heap after GC invocations=12 (full 0):
 garbage-first heap   total 69632K, used 21306K [0x0000000702800000, 0x0000000800000000)
  region size 2048K, 2 young (4096K), 2 survivors (4096K)
 Metaspace       used 38297K, committed 38848K, reserved 1114112K
  class space    used 5368K, committed 5632K, reserved 1048576K
}
Event: 5.296 GC heap before
{Heap before GC invocations=12 (full 0):
 garbage-first heap   total 69632K, used 56122K [0x0000000702800000, 0x0000000800000000)
  region size 2048K, 20 young (40960K), 2 survivors (4096K)
 Metaspace       used 42424K, committed 43072K, reserved 1114112K
  class space    used 5809K, committed 6080K, reserved 1048576K
}
Event: 5.299 GC heap after
{Heap after GC invocations=13 (full 0):
 garbage-first heap   total 83968K, used 22538K [0x0000000702800000, 0x0000000800000000)
  region size 2048K, 3 young (6144K), 3 survivors (6144K)
 Metaspace       used 42424K, committed 43072K, reserved 1114112K
  class space    used 5809K, committed 6080K, reserved 1048576K
}
Event: 5.681 GC heap before
{Heap before GC invocations=13 (full 0):
 garbage-first heap   total 83968K, used 63498K [0x0000000702800000, 0x0000000800000000)
  region size 2048K, 24 young (49152K), 3 survivors (6144K)
 Metaspace       used 46623K, committed 47232K, reserved 1114112K
  class space    used 6395K, committed 6656K, reserved 1048576K
}
Event: 5.685 GC heap after
{Heap after GC invocations=14 (full 0):
 garbage-first heap   total 83968K, used 23261K [0x0000000702800000, 0x0000000800000000)
  region size 2048K, 2 young (4096K), 2 survivors (4096K)
 Metaspace       used 46623K, committed 47232K, reserved 1114112K
  class space    used 6395K, committed 6656K, reserved 1048576K
}
Event: 5.891 GC heap before
{Heap before GC invocations=14 (full 0):
 garbage-first heap   total 83968K, used 45789K [0x0000000702800000, 0x0000000800000000)
  region size 2048K, 13 young (26624K), 2 survivors (4096K)
 Metaspace       used 48707K, committed 49280K, reserved 1114112K
  class space    used 6658K, committed 6912K, reserved 1048576K
}
Event: 5.895 GC heap after
{Heap after GC invocations=15 (full 0):
 garbage-first heap   total 83968K, used 26209K [0x0000000702800000, 0x0000000800000000)
  region size 2048K, 2 young (4096K), 2 survivors (4096K)
 Metaspace       used 48707K, committed 49280K, reserved 1114112K
  class space    used 6658K, committed 6912K, reserved 1048576K
}
Event: 6.314 GC heap before
{Heap before GC invocations=16 (full 0):
 garbage-first heap   total 83968K, used 71265K [0x0000000702800000, 0x0000000800000000)
  region size 2048K, 24 young (49152K), 2 survivors (4096K)
 Metaspace       used 53838K, committed 54464K, reserved 1114112K
  class space    used 7449K, committed 7744K, reserved 1048576K
}
Event: 6.318 GC heap after
{Heap after GC invocations=17 (full 0):
 garbage-first heap   total 83968K, used 26408K [0x0000000702800000, 0x0000000800000000)
  region size 2048K, 2 young (4096K), 2 survivors (4096K)
 Metaspace       used 53838K, committed 54464K, reserved 1114112K
  class space    used 7449K, committed 7744K, reserved 1048576K
}
Event: 6.738 GC heap before
{Heap before GC invocations=17 (full 0):
 garbage-first heap   total 83968K, used 69416K [0x0000000702800000, 0x0000000800000000)
  region size 2048K, 24 young (49152K), 2 survivors (4096K)
 Metaspace       used 58131K, committed 58752K, reserved 1114112K
  class space    used 8152K, committed 8448K, reserved 1048576K
}
Event: 6.744 GC heap after
{Heap after GC invocations=18 (full 0):
 garbage-first heap   total 83968K, used 26708K [0x0000000702800000, 0x0000000800000000)
  region size 2048K, 2 young (4096K), 2 survivors (4096K)
 Metaspace       used 58131K, committed 58752K, reserved 1114112K
  class space    used 8152K, committed 8448K, reserved 1048576K
}

